<?xml version="1.0" encoding="UTF-8"?>
<testng-results ignored="0" total="1" passed="1" failed="0" skipped="0">
  <reporter-output>
  </reporter-output>
  <suite started-at="2025-04-10T00:36:42 IST" name="Default suite" finished-at="2025-04-10T00:37:22 IST" duration-ms="40074">
    <groups>
    </groups>
    <test started-at="2025-04-10T00:36:42 IST" name="Default test" finished-at="2025-04-10T00:37:22 IST" duration-ms="40074">
      <class name="test.LoginTest">
        <test-method is-config="true" signature="setUp()[pri:0, instance:test.LoginTest@6f1de4c7]" started-at="2025-04-10T00:36:42 IST" name="setUp" finished-at="2025-04-10T00:36:57 IST" duration-ms="14581" status="PASS">
          <reporter-output>
          </reporter-output>
        </test-method> <!-- setUp -->
        <test-method signature="validateLogin()[pri:0, instance:test.LoginTest@6f1de4c7]" started-at="2025-04-10T00:36:57 IST" name="validateLogin" finished-at="2025-04-10T00:37:22 IST" duration-ms="25202" status="PASS">
          <reporter-output>
          </reporter-output>
        </test-method> <!-- validateLogin -->
        <test-method is-config="true" signature="tearDown()[pri:0, instance:test.LoginTest@6f1de4c7]" started-at="2025-04-10T00:37:22 IST" name="tearDown" finished-at="2025-04-10T00:37:22 IST" duration-ms="199" status="PASS">
          <reporter-output>
          </reporter-output>
        </test-method> <!-- tearDown -->
      </class> <!-- test.LoginTest -->
    </test> <!-- Default test -->
  </suite> <!-- Default suite -->
</testng-results>
