<?xml version="1.0" encoding="UTF-8"?>
<testng-results ignored="0" total="1" passed="1" failed="0" skipped="0">
  <reporter-output>
  </reporter-output>
  <suite started-at="2025-04-18T02:07:07 IST" name="Suite" finished-at="2025-04-18T02:07:51 IST" duration-ms="44782">
    <groups>
    </groups>
    <test started-at="2025-04-18T02:07:07 IST" name="Test" finished-at="2025-04-18T02:07:51 IST" duration-ms="44782">
      <class name="test.LoginTest">
        <test-method is-config="true" signature="setUp()[pri:0, instance:test.LoginTest@292b08d6]" started-at="2025-04-18T02:07:07 IST" name="setUp" finished-at="2025-04-18T02:07:21 IST" duration-ms="14026" status="PASS">
          <reporter-output>
          </reporter-output>
        </test-method> <!-- setUp -->
        <test-method signature="validateLogin()[pri:0, instance:test.LoginTest@292b08d6]" started-at="2025-04-18T02:07:21 IST" name="validateLogin" finished-at="2025-04-18T02:07:51 IST" duration-ms="30535" status="PASS">
          <reporter-output>
          </reporter-output>
        </test-method> <!-- validateLogin -->
        <test-method is-config="true" signature="tearDown()[pri:0, instance:test.LoginTest@292b08d6]" started-at="2025-04-18T02:07:51 IST" name="tearDown" finished-at="2025-04-18T02:07:51 IST" duration-ms="145" status="PASS">
          <reporter-output>
          </reporter-output>
        </test-method> <!-- tearDown -->
      </class> <!-- test.LoginTest -->
    </test> <!-- Test -->
  </suite> <!-- Suite -->
</testng-results>
